
{"level":"\u001b[32minfo\u001b[39m","message":"    url: /users params: {} body: {}","timestamp":"2020-04-20T12:32:13.752Z"}
{"level":"\u001b[32minfo\u001b[39m","message":"    url: /boards params: {} body: {\"title\":\"Autotest board\",\"columns\":[{\"title\":\"Backlog\",\"order\":1},{\"title\":\"Sprint\",\"order\":2}]}","timestamp":"2020-04-20T12:32:13.755Z"}
{"level":"\u001b[32minfo\u001b[39m","message":"    url: /boards params: {} body: {\"title\":\"Autotest board\",\"columns\":[{\"title\":\"Backlog\",\"order\":1},{\"title\":\"Sprint\",\"order\":2}]}","timestamp":"2020-04-20T12:32:13.772Z"}
{"level":"\u001b[32minfo\u001b[39m","message":"    url: /boards params: {} body: {}","timestamp":"2020-04-20T12:32:13.931Z"}
{"level":"\u001b[32minfo\u001b[39m","message":"    url: /boards/728b13b4-8488-4819-93c7-b10a42783796/tasks params: {} body: {\"title\":\"Autotest task\",\"order\":0,\"description\":\"Lorem ipsum\",\"userId\":null,\"boardId\":null,\"columnId\":null}","timestamp":"2020-04-20T12:32:13.953Z"}
{"level":"\u001b[32minfo\u001b[39m","message":"    url: /boards params: {} body: {}","timestamp":"2020-04-20T12:32:14.032Z"}
{"level":"\u001b[32minfo\u001b[39m","message":"    url: /boards/728b13b4-8488-4819-93c7-b10a42783796/tasks params: {} body: {}","timestamp":"2020-04-20T12:32:14.044Z"}
{"level":"\u001b[32minfo\u001b[39m","message":"    url: /users params: {} body: {\"name\":\"TEST_USER\",\"login\":\"test_user\",\"password\":\"T35t_P@55w0rd\"}","timestamp":"2020-04-20T12:32:14.100Z"}
{"level":"\u001b[32minfo\u001b[39m","message":"    url: /boards/4337b2e6-f160-487a-a24e-e7bd47ae54f6 params: {} body: {}","timestamp":"2020-04-20T12:32:14.103Z"}
{"level":"\u001b[32minfo\u001b[39m","message":"    url: /boards/728b13b4-8488-4819-93c7-b10a42783796/tasks params: {} body: {}","timestamp":"2020-04-20T12:32:14.124Z"}
{"level":"\u001b[32minfo\u001b[39m","message":"    url: /users/0e3f6eb8-69c0-40a7-85be-7fd7456d290e params: {} body: {}","timestamp":"2020-04-20T12:32:14.166Z"}
{"level":"\u001b[32minfo\u001b[39m","message":"    url: /boards params: {} body: {\"title\":\"Autotest board\",\"columns\":[{\"title\":\"Backlog\",\"order\":1},{\"title\":\"Sprint\",\"order\":2}]}","timestamp":"2020-04-20T12:32:14.169Z"}
{"level":"\u001b[32minfo\u001b[39m","message":"    url: /boards/728b13b4-8488-4819-93c7-b10a42783796/tasks/be22bb3e-aedf-45db-bb13-4db7ae732037 params: {} body: {}","timestamp":"2020-04-20T12:32:14.185Z"}
{"level":"\u001b[32minfo\u001b[39m","message":"    url: /users/0e3f6eb8-69c0-40a7-85be-7fd7456d290e params: {} body: {}","timestamp":"2020-04-20T12:32:14.234Z"}
{"level":"\u001b[32minfo\u001b[39m","message":"    url: /boards/634cbead-06e3-4f29-ac98-2def21fc3390 params: {} body: {}","timestamp":"2020-04-20T12:32:14.256Z"}
{"level":"\u001b[32minfo\u001b[39m","message":"    url: /boards/728b13b4-8488-4819-93c7-b10a42783796/tasks params: {} body: {\"title\":\"Autotest task\",\"order\":0,\"description\":\"Lorem ipsum\",\"userId\":null,\"boardId\":null,\"columnId\":null}","timestamp":"2020-04-20T12:32:14.266Z"}
{"level":"\u001b[32minfo\u001b[39m","message":"    url: /boards params: {} body: {\"title\":\"Autotest board\",\"columns\":[{\"title\":\"Backlog\",\"order\":1},{\"title\":\"Sprint\",\"order\":2}]}","timestamp":"2020-04-20T12:32:14.275Z"}
{"level":"\u001b[32minfo\u001b[39m","message":"    url: /users params: {} body: {\"name\":\"TEST_USER\",\"login\":\"test_user\",\"password\":\"T35t_P@55w0rd\"}","timestamp":"2020-04-20T12:32:14.326Z"}
{"level":"\u001b[32minfo\u001b[39m","message":"    url: /boards/728b13b4-8488-4819-93c7-b10a42783796/tasks/f81f22f8-a228-46eb-b4c8-35e49ac1c2df params: {} body: {}","timestamp":"2020-04-20T12:32:14.346Z"}
{"level":"\u001b[32minfo\u001b[39m","message":"    url: /boards/e722e12f-14c3-45ca-be00-5b6118a98850 params: {} body: {\"id\":\"e722e12f-14c3-45ca-be00-5b6118a98850\",\"title\":\"Autotest updated board\",\"columns\":[{\"title\":\"Backlog\",\"order\":1,\"_id\":\"7d59ff22-cd89-4e37-9f20-1a3e7398225f\"},{\"title\":\"Sprint\",\"order\":2,\"_id\":\"1d5df43c-5a57-428d-87ce-aee0677e8de8\"}]}","timestamp":"2020-04-20T12:32:14.365Z"}
{"level":"\u001b[32minfo\u001b[39m","message":"    url: /users/4d5b3f9f-8437-41f5-ab37-65fc6dd81149 params: {} body: {}","timestamp":"2020-04-20T12:32:14.400Z"}
{"level":"\u001b[32minfo\u001b[39m","message":"    url: /boards/728b13b4-8488-4819-93c7-b10a42783796/tasks params: {} body: {\"title\":\"Autotest task\",\"order\":0,\"description\":\"Lorem ipsum\",\"userId\":null,\"boardId\":null,\"columnId\":null}","timestamp":"2020-04-20T12:32:14.412Z"}
{"level":"\u001b[32minfo\u001b[39m","message":"    url: /boards/e722e12f-14c3-45ca-be00-5b6118a98850 params: {} body: {}","timestamp":"2020-04-20T12:32:14.439Z"}
{"level":"\u001b[32minfo\u001b[39m","message":"    url: /boards/728b13b4-8488-4819-93c7-b10a42783796/tasks/3bf34949-0b4c-4967-9f87-bdc29be92bd4 params: {} body: {\"id\":\"3bf34949-0b4c-4967-9f87-bdc29be92bd4\",\"title\":\"Autotest updated task\",\"order\":0,\"description\":\"Lorem ipsum\",\"userId\":null,\"boardId\":\"728b13b4-8488-4819-93c7-b10a42783796\",\"columnId\":null}","timestamp":"2020-04-20T12:32:14.480Z"}
{"level":"\u001b[32minfo\u001b[39m","message":"    url: /users params: {} body: {\"name\":\"TEST_USER\",\"login\":\"test_user\",\"password\":\"T35t_P@55w0rd\"}","timestamp":"2020-04-20T12:32:14.489Z"}
{"level":"\u001b[32minfo\u001b[39m","message":"    url: /boards/e722e12f-14c3-45ca-be00-5b6118a98850 params: {} body: {}","timestamp":"2020-04-20T12:32:14.505Z"}
{"level":"\u001b[32minfo\u001b[39m","message":"    url: /boards params: {} body: {\"title\":\"Autotest board\",\"columns\":[{\"title\":\"Backlog\",\"order\":1},{\"title\":\"Sprint\",\"order\":2}]}","timestamp":"2020-04-20T12:32:14.514Z"}
{"level":"\u001b[32minfo\u001b[39m","message":"    url: /boards/728b13b4-8488-4819-93c7-b10a42783796/tasks/3bf34949-0b4c-4967-9f87-bdc29be92bd4 params: {} body: {}","timestamp":"2020-04-20T12:32:14.557Z"}
{"level":"\u001b[32minfo\u001b[39m","message":"    url: /users/03085071-3a05-43c8-8249-adef728f449d params: {} body: {\"name\":\"Autotest updated TEST_USER\",\"login\":\"test_user\",\"password\":\"T35t_P@55w0rd\",\"id\":\"03085071-3a05-43c8-8249-adef728f449d\"}","timestamp":"2020-04-20T12:32:14.563Z"}
{"level":"\u001b[32minfo\u001b[39m","message":"    url: /boards/349f8b97-bf21-4dce-8a2c-1b3086092964 params: {} body: {}","timestamp":"2020-04-20T12:32:14.591Z"}
{"level":"\u001b[32minfo\u001b[39m","message":"    url: /boards/349f8b97-bf21-4dce-8a2c-1b3086092964 params: {} body: {}","timestamp":"2020-04-20T12:32:14.601Z"}
{"level":"\u001b[32minfo\u001b[39m","message":"    url: /boards/728b13b4-8488-4819-93c7-b10a42783796/tasks/be22bb3e-aedf-45db-bb13-4db7ae732037 params: {} body: {}","timestamp":"2020-04-20T12:32:14.640Z"}
{"level":"\u001b[32minfo\u001b[39m","message":"    url: /users/03085071-3a05-43c8-8249-adef728f449d params: {} body: {}","timestamp":"2020-04-20T12:32:14.647Z"}
{"level":"\u001b[31merror\u001b[39m","message":"   error: 404 Board not found","timestamp":"2020-04-20T12:32:14.658Z"}
{"level":"\u001b[32minfo\u001b[39m","message":"    url: /boards params: {} body: {\"title\":\"Autotest board\",\"columns\":[{\"title\":\"Backlog\",\"order\":1},{\"title\":\"Sprint\",\"order\":2}]}","timestamp":"2020-04-20T12:32:14.670Z"}
{"level":"\u001b[32minfo\u001b[39m","message":"    url: /boards/728b13b4-8488-4819-93c7-b10a42783796/tasks/be22bb3e-aedf-45db-bb13-4db7ae732037 params: {} body: {}","timestamp":"2020-04-20T12:32:14.726Z"}
{"level":"\u001b[32minfo\u001b[39m","message":"    url: /users/03085071-3a05-43c8-8249-adef728f449d params: {} body: {}","timestamp":"2020-04-20T12:32:14.731Z"}
{"level":"\u001b[32minfo\u001b[39m","message":"    url: /boards/d94282ab-7663-41e2-a66f-bc9e1fe329b2/tasks params: {} body: {\"title\":\"Task #1\",\"order\":1,\"description\":\"Lorem ipsum\",\"boardId\":\"d94282ab-7663-41e2-a66f-bc9e1fe329b2\",\"userId\":null,\"columnId\":null}","timestamp":"2020-04-20T12:32:14.745Z"}
{"level":"\u001b[32minfo\u001b[39m","message":"    url: /boards/d94282ab-7663-41e2-a66f-bc9e1fe329b2/tasks params: {} body: {\"title\":\"Task #2\",\"order\":2,\"description\":\"Lorem ipsum\",\"boardId\":\"d94282ab-7663-41e2-a66f-bc9e1fe329b2\",\"userId\":null,\"columnId\":null}","timestamp":"2020-04-20T12:32:14.750Z"}
{"level":"\u001b[32minfo\u001b[39m","message":"    url: /boards/d94282ab-7663-41e2-a66f-bc9e1fe329b2/tasks params: {} body: {\"title\":\"Task #3\",\"order\":3,\"description\":\"Lorem ipsum\",\"boardId\":\"d94282ab-7663-41e2-a66f-bc9e1fe329b2\",\"userId\":null,\"columnId\":null}","timestamp":"2020-04-20T12:32:14.755Z"}
{"level":"\u001b[32minfo\u001b[39m","message":"    url: /boards/d94282ab-7663-41e2-a66f-bc9e1fe329b2/tasks params: {} body: {\"title\":\"Task #4\",\"order\":4,\"description\":\"Lorem ipsum\",\"boardId\":\"d94282ab-7663-41e2-a66f-bc9e1fe329b2\",\"userId\":null,\"columnId\":null}","timestamp":"2020-04-20T12:32:14.763Z"}
{"level":"\u001b[32minfo\u001b[39m","message":"    url: /boards/d94282ab-7663-41e2-a66f-bc9e1fe329b2/tasks params: {} body: {\"title\":\"Task #5\",\"order\":5,\"description\":\"Lorem ipsum\",\"boardId\":\"d94282ab-7663-41e2-a66f-bc9e1fe329b2\",\"userId\":null,\"columnId\":null}","timestamp":"2020-04-20T12:32:14.769Z"}
{"level":"\u001b[32minfo\u001b[39m","message":"    url: /boards/728b13b4-8488-4819-93c7-b10a42783796/tasks/be22bb3e-aedf-45db-bb13-4db7ae732037 params: {} body: {}","timestamp":"2020-04-20T12:32:14.795Z"}
{"level":"\u001b[32minfo\u001b[39m","message":"    url: /users params: {} body: {\"name\":\"TEST_USER\",\"login\":\"test_user\",\"password\":\"T35t_P@55w0rd\"}","timestamp":"2020-04-20T12:32:14.817Z"}
{"level":"\u001b[31merror\u001b[39m","message":"   error: 404 Task not found","timestamp":"2020-04-20T12:32:14.877Z"}
{"level":"\u001b[32minfo\u001b[39m","message":"    url: /boards/d94282ab-7663-41e2-a66f-bc9e1fe329b2/tasks/5f125980-9769-40e7-bd11-b40055daf006 params: {} body: {}","timestamp":"2020-04-20T12:32:14.887Z"}
{"level":"\u001b[32minfo\u001b[39m","message":"    url: /boards/d94282ab-7663-41e2-a66f-bc9e1fe329b2/tasks/d96f2da0-7770-4d97-b581-38f5596576ad params: {} body: {}","timestamp":"2020-04-20T12:32:14.895Z"}
{"level":"\u001b[32minfo\u001b[39m","message":"    url: /boards/d94282ab-7663-41e2-a66f-bc9e1fe329b2/tasks/37c50796-a5ab-49e8-b4a7-f177546e26f3 params: {} body: {}","timestamp":"2020-04-20T12:32:14.902Z"}
{"level":"\u001b[32minfo\u001b[39m","message":"    url: /boards/d94282ab-7663-41e2-a66f-bc9e1fe329b2/tasks/023a4605-0e89-4aaa-b704-b3d2010e0105 params: {} body: {}","timestamp":"2020-04-20T12:32:14.912Z"}
{"level":"\u001b[32minfo\u001b[39m","message":"    url: /boards/d94282ab-7663-41e2-a66f-bc9e1fe329b2/tasks/c4207817-e43d-45fb-b89e-2633b2f23b9a params: {} body: {}","timestamp":"2020-04-20T12:32:14.915Z"}
{"level":"\u001b[32minfo\u001b[39m","message":"    url: /boards/728b13b4-8488-4819-93c7-b10a42783796 params: {} body: {}","timestamp":"2020-04-20T12:32:14.921Z"}
{"level":"\u001b[32minfo\u001b[39m","message":"    url: /users/ecb66d85-404f-4f33-8976-85f27ce13385 params: {} body: {}","timestamp":"2020-04-20T12:32:14.924Z"}
{"level":"\u001b[32minfo\u001b[39m","message":"    url: /boards/d94282ab-7663-41e2-a66f-bc9e1fe329b2 params: {} body: {}","timestamp":"2020-04-20T12:32:14.981Z"}
{"level":"\u001b[32minfo\u001b[39m","message":"    url: /boards/d94282ab-7663-41e2-a66f-bc9e1fe329b2/tasks/5f125980-9769-40e7-bd11-b40055daf006 params: {} body: {}","timestamp":"2020-04-20T12:32:14.984Z"}
{"level":"\u001b[32minfo\u001b[39m","message":"    url: /boards/d94282ab-7663-41e2-a66f-bc9e1fe329b2/tasks/37c50796-a5ab-49e8-b4a7-f177546e26f3 params: {} body: {}","timestamp":"2020-04-20T12:32:14.986Z"}
{"level":"\u001b[32minfo\u001b[39m","message":"    url: /boards/d94282ab-7663-41e2-a66f-bc9e1fe329b2/tasks/023a4605-0e89-4aaa-b704-b3d2010e0105 params: {} body: {}","timestamp":"2020-04-20T12:32:14.988Z"}
{"level":"\u001b[32minfo\u001b[39m","message":"    url: /boards/d94282ab-7663-41e2-a66f-bc9e1fe329b2/tasks/c4207817-e43d-45fb-b89e-2633b2f23b9a params: {} body: {}","timestamp":"2020-04-20T12:32:14.989Z"}
{"level":"\u001b[32minfo\u001b[39m","message":"    url: /boards/d94282ab-7663-41e2-a66f-bc9e1fe329b2/tasks/d96f2da0-7770-4d97-b581-38f5596576ad params: {} body: {}","timestamp":"2020-04-20T12:32:14.990Z"}
{"level":"\u001b[32minfo\u001b[39m","message":"    url: /users params: {} body: {\"name\":\"TEST_USER\",\"login\":\"test_user\",\"password\":\"T35t_P@55w0rd\"}","timestamp":"2020-04-20T12:32:15.056Z"}
{"level":"\u001b[31merror\u001b[39m","message":"   error: 404 Task not found","timestamp":"2020-04-20T12:32:15.068Z"}
{"level":"\u001b[31merror\u001b[39m","message":"   error: 404 Task not found","timestamp":"2020-04-20T12:32:15.099Z"}
{"level":"\u001b[31merror\u001b[39m","message":"   error: 404 Task not found","timestamp":"2020-04-20T12:32:15.106Z"}
{"level":"\u001b[31merror\u001b[39m","message":"   error: 404 Task not found","timestamp":"2020-04-20T12:32:15.112Z"}
{"level":"\u001b[31merror\u001b[39m","message":"   error: 404 Task not found","timestamp":"2020-04-20T12:32:15.121Z"}
{"level":"\u001b[32minfo\u001b[39m","message":"    url: /boards/78ffd3cd-b57c-4cf2-ba2a-9481b02fef77 params: {} body: {}","timestamp":"2020-04-20T12:32:15.124Z"}
{"level":"\u001b[32minfo\u001b[39m","message":"    url: /boards params: {} body: {\"title\":\"Autotest board\",\"columns\":[{\"title\":\"Backlog\",\"order\":1},{\"title\":\"Sprint\",\"order\":2}]}","timestamp":"2020-04-20T12:32:15.133Z"}
{"level":"\u001b[32minfo\u001b[39m","message":"    url: /boards/3d92d749-a975-4a1d-a41b-fce300916566/tasks params: {} body: {\"title\":\"Task #1\",\"order\":1,\"description\":\"Lorem ipsum\",\"userId\":\"63fdb061-1e04-4ee2-8e80-c07187401aa7\",\"boardId\":\"3d92d749-a975-4a1d-a41b-fce300916566\"}","timestamp":"2020-04-20T12:32:15.207Z"}
{"level":"\u001b[32minfo\u001b[39m","message":"    url: /boards/3d92d749-a975-4a1d-a41b-fce300916566/tasks params: {} body: {\"title\":\"Task #2\",\"order\":2,\"description\":\"Lorem ipsum\",\"userId\":\"63fdb061-1e04-4ee2-8e80-c07187401aa7\",\"boardId\":\"3d92d749-a975-4a1d-a41b-fce300916566\"}","timestamp":"2020-04-20T12:32:15.214Z"}
{"level":"\u001b[32minfo\u001b[39m","message":"    url: /users/63fdb061-1e04-4ee2-8e80-c07187401aa7 params: {} body: {}","timestamp":"2020-04-20T12:32:15.286Z"}
{"level":"\u001b[32minfo\u001b[39m","message":"    url: /boards/3d92d749-a975-4a1d-a41b-fce300916566/tasks/3c8d0e74-ec17-4b77-a6d4-b8e617330496 params: {} body: {}","timestamp":"2020-04-20T12:32:15.386Z"}
{"level":"\u001b[32minfo\u001b[39m","message":"    url: /boards/3d92d749-a975-4a1d-a41b-fce300916566/tasks/3d688dfd-c65f-4144-b7cb-e574086b709c params: {} body: {}","timestamp":"2020-04-20T12:32:15.479Z"}
{"level":"\u001b[32minfo\u001b[39m","message":"    url: /boards/3d92d749-a975-4a1d-a41b-fce300916566/tasks/3c8d0e74-ec17-4b77-a6d4-b8e617330496 params: {} body: {}","timestamp":"2020-04-20T12:32:15.550Z"}
{"level":"\u001b[32minfo\u001b[39m","message":"    url: /boards/3d92d749-a975-4a1d-a41b-fce300916566/tasks/3d688dfd-c65f-4144-b7cb-e574086b709c params: {} body: {}","timestamp":"2020-04-20T12:32:15.554Z"}
{"level":"\u001b[32minfo\u001b[39m","message":"    url: /boards/3d92d749-a975-4a1d-a41b-fce300916566 params: {} body: {}","timestamp":"2020-04-20T12:32:15.620Z"}
{"level":"\u001b[31merror\u001b[39m","message":"   Unhandled rejection detected: Cannot create collection test.users - database is in the process of being dropped.","timestamp":"2020-04-20T12:33:17.423Z"}
